<?xml version="1.0" encoding="UTF-8"?>
<!-- Generated by org.testng.reporters.JUnitReportReporter -->
<testsuite hostname="DESKTOP-4M14A0P" failures="0" tests="2" name="DriverFactory.DataDrivenScript" time="80.187" errors="0" timestamp="2022-12-28T19:57:29 IST" skipped="0">
  <testcase classname="DriverFactory.DataDrivenScript" name="addSupplier" time="37.578"/>
  <system-out>
    <![CDATA[No of rows are::4  No ofcells in firtsrow::10]]>
  </system-out>
  <testcase classname="DriverFactory.DataDrivenScript" name="addCustomer" time="42.609"/>
  <system-out>
    <![CDATA[No of rows are::4  No ofcells in firtsrow::10]]>
  </system-out>
</testsuite> <!-- DriverFactory.DataDrivenScript -->
